C:\Program Files\Microsoft Visual Studio\2022\Community\MSBuild\Microsoft\VC\v170\Microsoft.CppBuild.targets(502,5): warning MSB8004: Intermediate Directory does not end with a trailing slash.  This build instance will add the slash as it is required to allow proper evaluation of the Intermediate Directory.
C:\Program Files\Microsoft Visual Studio\2022\Community\MSBuild\Microsoft\VC\v170\Microsoft.CppBuild.targets(503,5): warning MSB8004: Output Directory does not end with a trailing slash.  This build instance will add the slash as it is required to allow proper evaluation of the Output Directory.
  lol.cpp
  graphics.cpp
  input.cpp
  lucid.cpp
  renderer.cpp
  wnd.cpp
C:\Users\RareD\Documents\Lucid\lucid\lucid\input\input.cpp(23,20): warning C4018: '<': signed/unsigned mismatch
C:\Users\RareD\Documents\Lucid\lucid\lucid\renderer\renderer.cpp(32,81): warning C4018: '>': signed/unsigned mismatch
C:\Users\RareD\Documents\Lucid\lucid\lucid\renderer\renderer.cpp(45,84): warning C4018: '>': signed/unsigned mismatch
C:\Users\RareD\Documents\Lucid\lucid\lucid\lucid.cpp(20,24): warning C4244: '=': conversion from 'float' to 'int', possible loss of data
C:\Users\RareD\Documents\Lucid\lucid\lol.cpp(62,159): warning C4244: 'argument': conversion from 'int' to 'float', possible loss of data
C:\Users\RareD\Documents\Lucid\lucid\lol.cpp(62,147): warning C4244: 'argument': conversion from 'int' to 'float', possible loss of data
C:\Users\RareD\Documents\Lucid\lucid\lol.cpp(62,129): warning C4244: 'argument': conversion from 'int' to 'float', possible loss of data
C:\Users\RareD\Documents\Lucid\lucid\lol.cpp(62,102): warning C4244: 'argument': conversion from 'int' to 'float', possible loss of data
  Generating code
  67 of 1202 functions ( 5.6%) were compiled, the rest were copied from previous compilation.
    0 functions were new in current compilation
    36 functions had inline decision re-evaluated but remain unchanged
  Finished generating code
  lucid.vcxproj -> C:\Users\RareD\Documents\Lucid\Output\lucid.exe
